<?xml version="1.0" encoding="UTF-8"?>
<testsuite xmlns:xsi="http://www.w3.org/2001/XMLSchema-instance" xsi:noNamespaceSchemaLocation="https://maven.apache.org/surefire/maven-surefire-plugin/xsd/surefire-test-report-3.0.xsd" version="3.0" name="com.fog.e_commerce.ECommerceApplicationTests" time="11.253" tests="2" errors="0" skipped="0" failures="0">
  <properties>
[...]
</properties>
  <testcase name="itAddTwoNumbers" classname="com.fog.e_commerce.ECommerceApplicationTests" time="0.347">
    <system-out><![CDATA[20:46:06.442 [main] INFO org.springframework.test.context.support.AnnotationConfigContextLoaderUtils -- Could not detect default configuration classes for test class [com.fog.e_commerce.ECommerceApplicationTests]: ECommerceApplicationTests does not declare any static, non-private, non-final, nested classes annotated with @Configuration.
20:46:06.528 [main] INFO org.springframework.boot.test.context.SpringBootTestContextBootstrapper -- Found @SpringBootConfiguration com.fog.e_commerce.ECommerceApplication for test class com.fog.e_commerce.ECommerceApplicationTests

  .   ____          _            __ _ _
 /\\ / ___'_ __ _ _(_)_ __  __ _ \ \ \ \
( ( )\___ | '_ | '_| | '_ \/ _` | \ \ \ \
 \\/  ___)| |_)| | | | | || (_| |  ) ) ) )
  '  |____| .__|_| |_|_| |_\__, | / / / /
 =========|_|==============|___/=/_/_/_/

 :: Spring Boot ::                (v3.3.3)

2024-11-22T20:46:06.878+02:00  INFO 5820 --- [e-commerce] [           main] c.f.e.ECommerceApplicationTests          : Starting ECommerceApplicationTests using Java 17.0.10 with PID 5820 (started by mohan in C:\Users\mohan\Downloads\e-commerce)
2024-11-22T20:46:06.879+02:00 DEBUG 5820 --- [e-commerce] [           main] c.f.e.ECommerceApplicationTests          : Running with Spring Boot v3.3.3, Spring v6.1.12
2024-11-22T20:46:06.879+02:00  INFO 5820 --- [e-commerce] [           main] c.f.e.ECommerceApplicationTests          : No active profile set, falling back to 1 default profile: "default"
2024-11-22T20:46:06.906+02:00 DEBUG 5820 --- [e-commerce] [           main] o.s.w.c.s.GenericWebApplicationContext   : Refreshing org.springframework.web.context.support.GenericWebApplicationContext@10ad20cb
2024-11-22T20:46:07.506+02:00  INFO 5820 --- [e-commerce] [           main] .s.d.r.c.RepositoryConfigurationDelegate : Bootstrapping Spring Data JPA repositories in DEFAULT mode.
2024-11-22T20:46:07.572+02:00  INFO 5820 --- [e-commerce] [           main] .s.d.r.c.RepositoryConfigurationDelegate : Finished Spring Data repository scanning in 58 ms. Found 6 JPA repository interfaces.
2024-11-22T20:46:08.008+02:00  INFO 5820 --- [e-commerce] [           main] o.hibernate.jpa.internal.util.LogHelper  : HHH000204: Processing PersistenceUnitInfo [name: default]
2024-11-22T20:46:08.074+02:00  INFO 5820 --- [e-commerce] [           main] org.hibernate.Version                    : HHH000412: Hibernate ORM core version 6.5.2.Final
2024-11-22T20:46:08.115+02:00  INFO 5820 --- [e-commerce] [           main] o.h.c.internal.RegionFactoryInitiator    : HHH000026: Second-level cache disabled
2024-11-22T20:46:08.426+02:00  INFO 5820 --- [e-commerce] [           main] o.s.o.j.p.SpringPersistenceUnitInfo      : No LoadTimeWeaver setup: ignoring JPA class transformer
2024-11-22T20:46:08.456+02:00  INFO 5820 --- [e-commerce] [           main] com.zaxxer.hikari.HikariDataSource       : HikariPool-1 - Starting...
2024-11-22T20:46:10.432+02:00  INFO 5820 --- [e-commerce] [           main] com.zaxxer.hikari.pool.HikariPool        : HikariPool-1 - Added connection com.mysql.cj.jdbc.ConnectionImpl@5d5574c7
2024-11-22T20:46:10.435+02:00  INFO 5820 --- [e-commerce] [           main] com.zaxxer.hikari.HikariDataSource       : HikariPool-1 - Start completed.
2024-11-22T20:46:10.827+02:00  WARN 5820 --- [e-commerce] [           main] org.hibernate.orm.deprecation            : HHH90000025: MySQLDialect does not need to be specified explicitly using 'hibernate.dialect' (remove the property setting and it will be selected by default)
2024-11-22T20:46:11.693+02:00  INFO 5820 --- [e-commerce] [           main] o.h.e.t.j.p.i.JtaPlatformInitiator       : HHH000489: No JTA platform available (set 'hibernate.transaction.jta.platform' to enable JTA platform integration)
2024-11-22T20:46:13.736+02:00  INFO 5820 --- [e-commerce] [           main] j.LocalContainerEntityManagerFactoryBean : Initialized JPA EntityManagerFactory for persistence unit 'default'
2024-11-22T20:46:14.032+02:00  INFO 5820 --- [e-commerce] [           main] eAuthenticationProviderManagerConfigurer : Global AuthenticationManager configured with AuthenticationProvider bean with name authenticationProvider
2024-11-22T20:46:14.032+02:00  WARN 5820 --- [e-commerce] [           main] r$InitializeUserDetailsManagerConfigurer : Global AuthenticationManager configured with an AuthenticationProvider bean. UserDetailsService beans will not be used for username/password login. Consider removing the AuthenticationProvider bean. Alternatively, consider using the UserDetailsService in a manually instantiated DaoAuthenticationProvider.
2024-11-22T20:46:14.108+02:00  INFO 5820 --- [e-commerce] [           main] o.s.d.j.r.query.QueryEnhancerFactory     : Hibernate is in classpath; If applicable, HQL parser will be used.
2024-11-22T20:46:15.286+02:00  WARN 5820 --- [e-commerce] [           main] JpaBaseConfiguration$JpaWebConfiguration : spring.jpa.open-in-view is enabled by default. Therefore, database queries may be performed during view rendering. Explicitly configure spring.jpa.open-in-view to disable this warning
2024-11-22T20:46:15.385+02:00 DEBUG 5820 --- [e-commerce] [           main] o.s.w.s.s.s.WebSocketHandlerMapping      : Patterns [/ws-offers] in 'stompWebSocketHandlerMapping'
2024-11-22T20:46:15.457+02:00 DEBUG 5820 --- [e-commerce] [           main] s.w.s.m.m.a.RequestMappingHandlerMapping : 22 mappings in 'requestMappingHandlerMapping'
2024-11-22T20:46:15.515+02:00 DEBUG 5820 --- [e-commerce] [           main] o.s.w.s.handler.SimpleUrlHandlerMapping  : Patterns [/webjars/**, /**] in 'resourceHandlerMapping'
2024-11-22T20:46:15.551+02:00 DEBUG 5820 --- [e-commerce] [           main] o.s.s.web.DefaultSecurityFilterChain     : Will secure any request with filters: DisableEncodeUrlFilter, WebAsyncManagerIntegrationFilter, SecurityContextHolderFilter, HeaderWriterFilter, CorsFilter, LogoutFilter, JwtFilter, RequestCacheAwareFilter, SecurityContextHolderAwareRequestFilter, AnonymousAuthenticationFilter, SessionManagementFilter, ExceptionTranslationFilter, AuthorizationFilter
2024-11-22T20:46:15.605+02:00 DEBUG 5820 --- [e-commerce] [           main] .WebSocketAnnotationMethodMessageHandler : 
	c.f.e.a.AdminController:
	
2024-11-22T20:46:15.606+02:00 DEBUG 5820 --- [e-commerce] [           main] .WebSocketAnnotationMethodMessageHandler : 
	c.f.e.a.AuthenticationController:
	
2024-11-22T20:46:15.606+02:00 DEBUG 5820 --- [e-commerce] [           main] .WebSocketAnnotationMethodMessageHandler : 
	c.f.e.c.CartController:
	
2024-11-22T20:46:15.609+02:00 DEBUG 5820 --- [e-commerce] [           main] .WebSocketAnnotationMethodMessageHandler : 
	c.f.e.n.NotificationController:
	{[MESSAGE],[/massage]}: sendOfferNotification(Notification)
2024-11-22T20:46:15.609+02:00 DEBUG 5820 --- [e-commerce] [           main] .WebSocketAnnotationMethodMessageHandler : 
	c.f.e.p.PayPalController:
	
2024-11-22T20:46:15.609+02:00 DEBUG 5820 --- [e-commerce] [           main] .WebSocketAnnotationMethodMessageHandler : 
	c.f.e.p.ProductController:
	
2024-11-22T20:46:15.610+02:00 DEBUG 5820 --- [e-commerce] [           main] .WebSocketAnnotationMethodMessageHandler : 
	o.s.b.a.w.s.e.BasicErrorController:
	
2024-11-22T20:46:15.740+02:00 DEBUG 5820 --- [e-commerce] [           main] s.w.s.m.m.a.RequestMappingHandlerAdapter : ControllerAdvice beans: 0 @ModelAttribute, 0 @InitBinder, 1 RequestBodyAdvice, 1 ResponseBodyAdvice
2024-11-22T20:46:15.770+02:00 DEBUG 5820 --- [e-commerce] [           main] .m.m.a.ExceptionHandlerExceptionResolver : ControllerAdvice beans: 0 @ExceptionHandler, 1 ResponseBodyAdvice
2024-11-22T20:46:15.880+02:00 DEBUG 5820 --- [e-commerce] [           main] org.springframework.web.SimpLogging      : clientOutboundChannel added SubProtocolWebSocketHandler[StompSubProtocolHandler[v10.stomp, v11.stomp, v12.stomp]]
2024-11-22T20:46:15.880+02:00 DEBUG 5820 --- [e-commerce] [           main] org.springframework.web.SimpLogging      : clientInboundChannel added WebSocketAnnotationMethodMessageHandler[prefixes=[/app/]]
2024-11-22T20:46:15.881+02:00  INFO 5820 --- [e-commerce] [           main] o.s.m.s.b.SimpleBrokerMessageHandler     : Starting...
2024-11-22T20:46:15.881+02:00 DEBUG 5820 --- [e-commerce] [           main] org.springframework.web.SimpLogging      : clientInboundChannel added SimpleBrokerMessageHandler [org.springframework.messaging.simp.broker.DefaultSubscriptionRegistry@20a4f67a]
2024-11-22T20:46:15.881+02:00 DEBUG 5820 --- [e-commerce] [           main] org.springframework.web.SimpLogging      : brokerChannel added SimpleBrokerMessageHandler [org.springframework.messaging.simp.broker.DefaultSubscriptionRegistry@20a4f67a]
2024-11-22T20:46:15.881+02:00  INFO 5820 --- [e-commerce] [           main] o.s.m.s.b.SimpleBrokerMessageHandler     : BrokerAvailabilityEvent[available=true, SimpleBrokerMessageHandler [org.springframework.messaging.simp.broker.DefaultSubscriptionRegistry@20a4f67a]]
2024-11-22T20:46:15.882+02:00  INFO 5820 --- [e-commerce] [           main] o.s.m.s.b.SimpleBrokerMessageHandler     : Started.
2024-11-22T20:46:15.883+02:00 DEBUG 5820 --- [e-commerce] [           main] org.springframework.web.SimpLogging      : clientInboundChannel added UserDestinationMessageHandler[DefaultUserDestinationResolver[prefix=/user/]]
2024-11-22T20:46:15.883+02:00 DEBUG 5820 --- [e-commerce] [           main] org.springframework.web.SimpLogging      : brokerChannel added UserDestinationMessageHandler[DefaultUserDestinationResolver[prefix=/user/]]
2024-11-22T20:46:15.889+02:00  INFO 5820 --- [e-commerce] [           main] c.f.e.ECommerceApplicationTests          : Started ECommerceApplicationTests in 9.219 seconds (process running for 10.075)
Hibernate: select p1_0.id,p1_0.category,p1_0.date,p1_0.description,p1_0.gender,p1_0.image,p1_0.name,p1_0.price,p1_0.quantity,p1_0.selling_count,p1_0.size from _product p1_0
]]></system-out>
  </testcase>
  <testcase name="contextLoads" classname="com.fog.e_commerce.ECommerceApplicationTests" time="0.002"/>
</testsuite>